<?xml version="1.0" encoding="UTF-8"?>
<beans xmlns="http://www.springframework.org/schema/beans" xmlns:xsi="http://www.w3.org/2001/XMLSchema-instance"
	xmlns:context="http://www.springframework.org/schema/context" xmlns:mvc="http://www.springframework.org/schema/mvc"
	xmlns:security="http://www.springframework.org/schema/security" xmlns:tx="http://www.springframework.org/schema/tx"
	xsi:schemaLocation="
        http://www.springframework.org/schema/beans http://www.springframework.org/schema/beans/spring-beans-3.0.xsd
        http://www.springframework.org/schema/tx http://www.springframework.org/schema/tx/spring-tx-3.0.xsd">
        
        <context:property-placeholder location="classpath:spring/musicserver.properties" /> 
        
		<bean id="dataSource" class="org.apache.commons.dbcp.BasicDataSource" destroy-method="close">
			<property name="driverClassName" value="org.apache.derby.jdbc.EmbeddedDriver" /> 
			<property name="url" value="jdbc:derby:aoko;create=true" />
			<property name="username" value="sa" />
			<property name="password" value="" />
		</bean>
		
		<bean id="entityManagerFactory" class="org.springframework.orm.jpa.LocalContainerEntityManagerFactoryBean">
			<property name="dataSource" ref="dataSource" />
			<property name="jpaVendorAdapter">
				<bean class="org.springframework.orm.jpa.vendor.HibernateJpaVendorAdapter">
					<property name="databasePlatform" value="org.hibernate.dialect.DerbyDialect" />
					<property name="showSql" value="false" />
					<property name="generateDdl" value="true" />
				</bean>
			</property>
			<property name="jpaProperties">
				<props>
					<prop key="hibernate.ejb.naming_strategy">org.hibernate.cfg.ImprovedNamingStrategy</prop>
				</props>
			</property>
		</bean>
</beans>
